<?xml version="1.0" encoding="UTF-8"?>
<testng-results skipped="0" failed="0" total="2" passed="2">
  <reporter-output>
  </reporter-output>
  <suite name="Default suite" duration-ms="123330" started-at="2017-08-28T14:25:15Z" finished-at="2017-08-28T14:27:18Z">
    <groups>
    </groups>
    <test name="Default test" duration-ms="123330" started-at="2017-08-28T14:25:15Z" finished-at="2017-08-28T14:27:18Z">
      <class name="com.usgbc.dev.regression.Community_RegistrationTest">
        <test-method status="PASS" signature="test1()[pri:0, instance:com.usgbc.dev.regression.Community_RegistrationTest@482f8f11]" name="test1" duration-ms="32779" started-at="2017-08-28T19:55:15Z" finished-at="2017-08-28T19:55:48Z">
          <reporter-output>
          </reporter-output>
        </test-method> <!-- test1 -->
        <test-method status="PASS" signature="test2()[pri:0, instance:com.usgbc.dev.regression.Community_RegistrationTest@482f8f11]" name="test2" duration-ms="90532" started-at="2017-08-28T19:55:48Z" finished-at="2017-08-28T19:57:18Z">
          <reporter-output>
          </reporter-output>
        </test-method> <!-- test2 -->
      </class> <!-- com.usgbc.dev.regression.Community_RegistrationTest -->
    </test> <!-- Default test -->
  </suite> <!-- Default suite -->
</testng-results>
