<?xml version="1.0" encoding="UTF-8"?>
<testng-results skipped="0" failed="0" total="2" passed="2">
  <reporter-output>
  </reporter-output>
  <suite name="Default suite" duration-ms="133825" started-at="2017-09-05T04:58:30Z" finished-at="2017-09-05T05:00:44Z">
    <groups>
    </groups>
    <test name="Default test" duration-ms="133825" started-at="2017-09-05T04:58:30Z" finished-at="2017-09-05T05:00:44Z">
      <class name="com.usgbc.dev.regression.Community_RegistrationTest">
        <test-method status="PASS" signature="test1()[pri:0, instance:com.usgbc.dev.regression.Community_RegistrationTest@482f8f11]" name="test1" duration-ms="45309" started-at="2017-09-05T10:28:30Z" finished-at="2017-09-05T10:29:15Z">
          <reporter-output>
          </reporter-output>
        </test-method> <!-- test1 -->
        <test-method status="PASS" signature="test2()[pri:0, instance:com.usgbc.dev.regression.Community_RegistrationTest@482f8f11]" name="test2" duration-ms="88476" started-at="2017-09-05T10:29:15Z" finished-at="2017-09-05T10:30:44Z">
          <reporter-output>
          </reporter-output>
        </test-method> <!-- test2 -->
      </class> <!-- com.usgbc.dev.regression.Community_RegistrationTest -->
    </test> <!-- Default test -->
  </suite> <!-- Default suite -->
</testng-results>
